Process rank: -1, device: cpu, n_gpu: 0, distributed training: False, 16-bits training: False
loading configuration file /Users/wk/Documents/GitHub/CLUENER2020/pytorch_version/prev_trained_model/bert-base/config.json
Model config {
  "architectures": [
    "BertForMaskedLM"
  ],
  "attention_probs_dropout_prob": 0.1,
  "directionality": "bidi",
  "finetuning_task": null,
  "hidden_act": "gelu",
  "hidden_dropout_prob": 0.1,
  "hidden_size": 768,
  "initializer_range": 0.02,
  "intermediate_size": 3072,
  "layer_norm_eps": 1e-12,
  "max_position_embeddings": 512,
  "model_type": "bert",
  "num_attention_heads": 12,
  "num_hidden_layers": 12,
  "num_labels": 34,
  "output_attentions": false,
  "output_hidden_states": false,
  "output_past": true,
  "pad_token_id": 0,
  "pooler_fc_size": 768,
  "pooler_num_attention_heads": 12,
  "pooler_num_fc_layers": 3,
  "pooler_size_per_head": 128,
  "pooler_type": "first_token_transform",
  "pruned_heads": {},
  "torchscript": false,
  "type_vocab_size": 2,
  "use_bfloat16": false,
  "vocab_size": 21128
}

Model name '/Users/wk/Documents/GitHub/CLUENER2020/pytorch_version/prev_trained_model/bert-base' not found in model shortcut name list (bert-base-uncased, bert-large-uncased, bert-base-cased, bert-large-cased, bert-base-multilingual-uncased, bert-base-multilingual-cased, bert-base-chinese, bert-base-german-cased, bert-large-uncased-whole-word-masking, bert-large-cased-whole-word-masking, bert-large-uncased-whole-word-masking-finetuned-squad, bert-large-cased-whole-word-masking-finetuned-squad, bert-base-cased-finetuned-mrpc, bert-base-german-dbmdz-cased, bert-base-german-dbmdz-uncased). Assuming '/Users/wk/Documents/GitHub/CLUENER2020/pytorch_version/prev_trained_model/bert-base' is a path or url to a directory containing tokenizer files.
Didn't find file /Users/wk/Documents/GitHub/CLUENER2020/pytorch_version/prev_trained_model/bert-base/added_tokens.json. We won't load it.
Didn't find file /Users/wk/Documents/GitHub/CLUENER2020/pytorch_version/prev_trained_model/bert-base/special_tokens_map.json. We won't load it.
Didn't find file /Users/wk/Documents/GitHub/CLUENER2020/pytorch_version/prev_trained_model/bert-base/tokenizer_config.json. We won't load it.
loading file /Users/wk/Documents/GitHub/CLUENER2020/pytorch_version/prev_trained_model/bert-base/vocab.txt
loading file None
loading file None
loading file None
